<?xml version="1.0" encoding="UTF-8"?>
<coverage generated="1550426608513" clover="3.2.0">
  <project timestamp="1550426608514" name="All files">
    <metrics statements="21" coveredstatements="18" conditionals="9" coveredconditionals="2" methods="11" coveredmethods="9" elements="41" coveredelements="29" complexity="0" loc="21" ncloc="21" packages="5" files="8" classes="8"/>
    <package name="client">
      <metrics statements="1" coveredstatements="1" conditionals="0" coveredconditionals="0" methods="0" coveredmethods="0"/>
      <file name="setupTests.js" path="/Users/pavelyeganov/My_Ish/Coding/bp/client/setupTests.js">
        <metrics statements="1" coveredstatements="1" conditionals="0" coveredconditionals="0" methods="0" coveredmethods="0"/>
        <line num="4" count="1" type="stmt"/>
      </file>
    </package>
    <package name="client.src">
      <metrics statements="5" coveredstatements="5" conditionals="0" coveredconditionals="0" methods="2" coveredmethods="2"/>
      <file name="App.js" path="/Users/pavelyeganov/My_Ish/Coding/bp/client/src/App.js">
        <metrics statements="3" coveredstatements="3" conditionals="0" coveredconditionals="0" methods="2" coveredmethods="2"/>
        <line num="12" count="1" type="stmt"/>
        <line num="13" count="1" type="stmt"/>
        <line num="19" count="1" type="stmt"/>
      </file>
      <file name="store.js" path="/Users/pavelyeganov/My_Ish/Coding/bp/client/src/store.js">
        <metrics statements="2" coveredstatements="2" conditionals="0" coveredconditionals="0" methods="0" coveredmethods="0"/>
        <line num="4" count="1" type="stmt"/>
        <line num="6" count="1" type="stmt"/>
      </file>
    </package>
    <package name="client.src.actions">
      <metrics statements="4" coveredstatements="3" conditionals="0" coveredconditionals="0" methods="3" coveredmethods="2"/>
      <file name="actions.js" path="/Users/pavelyeganov/My_Ish/Coding/bp/client/src/actions/actions.js">
        <metrics statements="3" coveredstatements="2" conditionals="0" coveredconditionals="0" methods="3" coveredmethods="2"/>
        <line num="3" count="1" type="stmt"/>
        <line num="4" count="1" type="stmt"/>
        <line num="5" count="0" type="stmt"/>
      </file>
      <file name="types.js" path="/Users/pavelyeganov/My_Ish/Coding/bp/client/src/actions/types.js">
        <metrics statements="1" coveredstatements="1" conditionals="0" coveredconditionals="0" methods="0" coveredmethods="0"/>
        <line num="1" count="1" type="stmt"/>
      </file>
    </package>
    <package name="client.src.components.Home">
      <metrics statements="5" coveredstatements="5" conditionals="0" coveredconditionals="0" methods="4" coveredmethods="4"/>
      <file name="Home.js" path="/Users/pavelyeganov/My_Ish/Coding/bp/client/src/components/Home/Home.js">
        <metrics statements="5" coveredstatements="5" conditionals="0" coveredconditionals="0" methods="4" coveredmethods="4"/>
        <line num="9" count="1" type="stmt"/>
        <line num="12" count="1" type="stmt"/>
        <line num="17" count="1" type="stmt"/>
        <line num="22" count="1" type="stmt"/>
        <line num="27" count="1" type="stmt"/>
      </file>
    </package>
    <package name="client.src.reducers">
      <metrics statements="6" coveredstatements="4" conditionals="9" coveredconditionals="2" methods="2" coveredmethods="1"/>
      <file name="root-reducer.js" path="/Users/pavelyeganov/My_Ish/Coding/bp/client/src/reducers/root-reducer.js">
        <metrics statements="0" coveredstatements="0" conditionals="0" coveredconditionals="0" methods="0" coveredmethods="0"/>
      </file>
      <file name="test-reducer.js" path="/Users/pavelyeganov/My_Ish/Coding/bp/client/src/reducers/test-reducer.js">
        <metrics statements="6" coveredstatements="4" conditionals="9" coveredconditionals="2" methods="2" coveredmethods="1"/>
        <line num="3" count="1" type="stmt"/>
        <line num="4" count="0" type="stmt"/>
        <line num="11" count="1" type="stmt"/>
        <line num="17" count="3" type="cond" truecount="1" falsecount="1"/>
        <line num="19" count="0" type="stmt"/>
        <line num="25" count="3" type="stmt"/>
      </file>
    </package>
  </project>
</coverage>
