{"/Users/pavelyeganov/My_Ish/Coding/bp/client/setupTests.js": {"path":"/Users/pavelyeganov/My_Ish/Coding/bp/client/setupTests.js","statementMap":{"0":{"start":{"line":4,"column":0},"end":{"line":4,"column":44}}},"fnMap":{},"branchMap":{},"s":{"0":1},"f":{},"b":{},"_coverageSchema":"43e27e138ebf9cfc5966b082cf9a028302ed4184","hash":"27c639886e5f0b175695c6c44058995b416722fe"}
,"/Users/pavelyeganov/My_Ish/Coding/bp/client/src/App.js": {"path":"/Users/pavelyeganov/My_Ish/Coding/bp/client/src/App.js","statementMap":{"0":{"start":{"line":12,"column":2},"end":{"line":12,"column":15}},"1":{"start":{"line":13,"column":2},"end":{"line":15,"column":4}},"2":{"start":{"line":19,"column":2},"end":{"line":24,"column":4}}},"fnMap":{"0":{"name":"(anonymous_0)","decl":{"start":{"line":11,"column":1},"end":{"line":11,"column":2}},"loc":{"start":{"line":11,"column":20},"end":{"line":16,"column":2}},"line":11},"1":{"name":"(anonymous_1)","decl":{"start":{"line":18,"column":1},"end":{"line":18,"column":2}},"loc":{"start":{"line":18,"column":10},"end":{"line":25,"column":2}},"line":18}},"branchMap":{},"s":{"0":1,"1":1,"2":1},"f":{"0":1,"1":1},"b":{},"_coverageSchema":"43e27e138ebf9cfc5966b082cf9a028302ed4184","hash":"e4cc2682e3b1bbcf089640a5498118fb2ae5ac59"}
,"/Users/pavelyeganov/My_Ish/Coding/bp/client/src/store.js": {"path":"/Users/pavelyeganov/My_Ish/Coding/bp/client/src/store.js","statementMap":{"0":{"start":{"line":4,"column":17},"end":{"line":4,"column":24}},"1":{"start":{"line":6,"column":14},"end":{"line":12,"column":1}}},"fnMap":{},"branchMap":{},"s":{"0":1,"1":1},"f":{},"b":{},"_coverageSchema":"43e27e138ebf9cfc5966b082cf9a028302ed4184","hash":"735855dd033c0c2fd46b77fdbc004b6e4d7a3351"}
,"/Users/pavelyeganov/My_Ish/Coding/bp/client/src/actions/actions.js": {"path":"/Users/pavelyeganov/My_Ish/Coding/bp/client/src/actions/actions.js","statementMap":{"0":{"start":{"line":3,"column":22},"end":{"line":10,"column":1}},"1":{"start":{"line":3,"column":28},"end":{"line":10,"column":1}},"2":{"start":{"line":4,"column":2},"end":{"line":9,"column":4}},"3":{"start":{"line":5,"column":4},"end":{"line":8,"column":7}}},"fnMap":{"0":{"name":"(anonymous_0)","decl":{"start":{"line":3,"column":22},"end":{"line":3,"column":23}},"loc":{"start":{"line":3,"column":28},"end":{"line":10,"column":1}},"line":3},"1":{"name":"(anonymous_1)","decl":{"start":{"line":3,"column":28},"end":{"line":3,"column":29}},"loc":{"start":{"line":3,"column":40},"end":{"line":10,"column":1}},"line":3},"2":{"name":"(anonymous_2)","decl":{"start":{"line":4,"column":65},"end":{"line":4,"column":66}},"loc":{"start":{"line":4,"column":73},"end":{"line":9,"column":3}},"line":4}},"branchMap":{},"s":{"0":1,"1":1,"2":1,"3":0},"f":{"0":1,"1":1,"2":0},"b":{},"_coverageSchema":"43e27e138ebf9cfc5966b082cf9a028302ed4184","hash":"9bbb8a195febb395673056fc2b1d3fff7ef237f8"}
,"/Users/pavelyeganov/My_Ish/Coding/bp/client/src/actions/types.js": {"path":"/Users/pavelyeganov/My_Ish/Coding/bp/client/src/actions/types.js","statementMap":{"0":{"start":{"line":1,"column":27},"end":{"line":1,"column":40}}},"fnMap":{},"branchMap":{},"s":{"0":1},"f":{},"b":{},"_coverageSchema":"43e27e138ebf9cfc5966b082cf9a028302ed4184","hash":"0d7cf03ba961b7ae28e842d130bb3ce8ad6c7cd3"}
,"/Users/pavelyeganov/My_Ish/Coding/bp/client/src/components/Home/Home.js": {"path":"/Users/pavelyeganov/My_Ish/Coding/bp/client/src/components/Home/Home.js","statementMap":{"0":{"start":{"line":9,"column":4},"end":{"line":9,"column":25}},"1":{"start":{"line":12,"column":4},"end":{"line":14,"column":5}},"2":{"start":{"line":17,"column":4},"end":{"line":19,"column":6}},"3":{"start":{"line":22,"column":0},"end":{"line":25,"column":1}},"4":{"start":{"line":27,"column":2},"end":{"line":29,"column":3}}},"fnMap":{"0":{"name":"(anonymous_0)","decl":{"start":{"line":8,"column":2},"end":{"line":8,"column":3}},"loc":{"start":{"line":8,"column":21},"end":{"line":10,"column":3}},"line":8},"1":{"name":"(anonymous_1)","decl":{"start":{"line":11,"column":10},"end":{"line":11,"column":11}},"loc":{"start":{"line":11,"column":15},"end":{"line":15,"column":3}},"line":11},"2":{"name":"(anonymous_2)","decl":{"start":{"line":16,"column":2},"end":{"line":16,"column":3}},"loc":{"start":{"line":16,"column":11},"end":{"line":20,"column":3}},"line":16},"3":{"name":"mapStateToProps","decl":{"start":{"line":26,"column":9},"end":{"line":26,"column":24}},"loc":{"start":{"line":26,"column":31},"end":{"line":30,"column":1}},"line":26}},"branchMap":{},"s":{"0":1,"1":1,"2":1,"3":1,"4":1},"f":{"0":1,"1":1,"2":1,"3":1},"b":{},"_coverageSchema":"43e27e138ebf9cfc5966b082cf9a028302ed4184","hash":"3006196bd7d913b9b7500efeccd6f850cb6e67d6"}
,"/Users/pavelyeganov/My_Ish/Coding/bp/client/src/reducers/root-reducer.js": {"path":"/Users/pavelyeganov/My_Ish/Coding/bp/client/src/reducers/root-reducer.js","statementMap":{},"fnMap":{},"branchMap":{},"s":{},"f":{},"b":{},"_coverageSchema":"43e27e138ebf9cfc5966b082cf9a028302ed4184","hash":"43a83dd13c42fa963ff725d47932518b84eb3e75"}
,"/Users/pavelyeganov/My_Ish/Coding/bp/client/src/reducers/test-reducer.js": {"path":"/Users/pavelyeganov/My_Ish/Coding/bp/client/src/reducers/test-reducer.js","statementMap":{"0":{"start":{"line":3,"column":16},"end":{"line":10,"column":1}},"1":{"start":{"line":4,"column":1},"end":{"line":9,"column":3}},"2":{"start":{"line":11,"column":21},"end":{"line":14,"column":1}},"3":{"start":{"line":17,"column":1},"end":{"line":26,"column":2}},"4":{"start":{"line":19,"column":3},"end":{"line":23,"column":5}},"5":{"start":{"line":25,"column":3},"end":{"line":25,"column":16}}},"fnMap":{"0":{"name":"(anonymous_0)","decl":{"start":{"line":3,"column":16},"end":{"line":3,"column":17}},"loc":{"start":{"line":3,"column":27},"end":{"line":10,"column":1}},"line":3},"1":{"name":"(anonymous_1)","decl":{"start":{"line":16,"column":15},"end":{"line":16,"column":16}},"loc":{"start":{"line":16,"column":54},"end":{"line":27,"column":1}},"line":16}},"branchMap":{"0":{"loc":{"start":{"line":5,"column":2},"end":{"line":8,"column":58}},"type":"binary-expr","locations":[{"start":{"line":5,"column":2},"end":{"line":5,"column":21}},{"start":{"line":6,"column":2},"end":{"line":6,"column":16}},{"start":{"line":7,"column":3},"end":{"line":7,"column":28}},{"start":{"line":7,"column":32},"end":{"line":7,"column":63}},{"start":{"line":8,"column":3},"end":{"line":8,"column":28}},{"start":{"line":8,"column":32},"end":{"line":8,"column":57}}],"line":5},"1":{"loc":{"start":{"line":16,"column":24},"end":{"line":16,"column":44}},"type":"default-arg","locations":[{"start":{"line":16,"column":32},"end":{"line":16,"column":44}}],"line":16},"2":{"loc":{"start":{"line":17,"column":1},"end":{"line":26,"column":2}},"type":"switch","locations":[{"start":{"line":18,"column":2},"end":{"line":23,"column":5}},{"start":{"line":24,"column":2},"end":{"line":25,"column":16}}],"line":17}},"s":{"0":1,"1":0,"2":1,"3":3,"4":0,"5":3},"f":{"0":0,"1":3},"b":{"0":[0,0,0,0,0,0],"1":[3],"2":[0,3]},"_coverageSchema":"43e27e138ebf9cfc5966b082cf9a028302ed4184","hash":"3bb14d8e534a13dac2469472b44f65adfefb3b08"}
}
