TN:
SF:/Users/pavelyeganov/My_Ish/Coding/bp/client/setupTests.js
FNF:0
FNH:0
DA:4,1
LF:1
LH:1
BRF:0
BRH:0
end_of_record
TN:
SF:/Users/pavelyeganov/My_Ish/Coding/bp/client/src/App.js
FN:11,(anonymous_0)
FN:18,(anonymous_1)
FNF:2
FNH:2
FNDA:1,(anonymous_0)
FNDA:1,(anonymous_1)
DA:12,1
DA:13,1
DA:19,1
LF:3
LH:3
BRF:0
BRH:0
end_of_record
TN:
SF:/Users/pavelyeganov/My_Ish/Coding/bp/client/src/store.js
FNF:0
FNH:0
DA:4,1
DA:6,1
LF:2
LH:2
BRF:0
BRH:0
end_of_record
TN:
SF:/Users/pavelyeganov/My_Ish/Coding/bp/client/src/actions/actions.js
FN:3,(anonymous_0)
FN:3,(anonymous_1)
FN:4,(anonymous_2)
FNF:3
FNH:2
FNDA:1,(anonymous_0)
FNDA:1,(anonymous_1)
FNDA:0,(anonymous_2)
DA:3,1
DA:4,1
DA:5,0
LF:3
LH:2
BRF:0
BRH:0
end_of_record
TN:
SF:/Users/pavelyeganov/My_Ish/Coding/bp/client/src/actions/types.js
FNF:0
FNH:0
DA:1,1
LF:1
LH:1
BRF:0
BRH:0
end_of_record
TN:
SF:/Users/pavelyeganov/My_Ish/Coding/bp/client/src/components/Home/Home.js
FN:8,(anonymous_0)
FN:11,(anonymous_1)
FN:16,(anonymous_2)
FN:26,mapStateToProps
FNF:4
FNH:4
FNDA:1,(anonymous_0)
FNDA:1,(anonymous_1)
FNDA:1,(anonymous_2)
FNDA:1,mapStateToProps
DA:9,1
DA:12,1
DA:17,1
DA:22,1
DA:27,1
LF:5
LH:5
BRF:0
BRH:0
end_of_record
TN:
SF:/Users/pavelyeganov/My_Ish/Coding/bp/client/src/reducers/root-reducer.js
FNF:0
FNH:0
LF:0
LH:0
BRF:0
BRH:0
end_of_record
TN:
SF:/Users/pavelyeganov/My_Ish/Coding/bp/client/src/reducers/test-reducer.js
FN:3,(anonymous_0)
FN:16,(anonymous_1)
FNF:2
FNH:1
FNDA:0,(anonymous_0)
FNDA:3,(anonymous_1)
DA:3,1
DA:4,0
DA:11,1
DA:17,3
DA:19,0
DA:25,3
LF:6
LH:4
BRDA:5,0,0,0
BRDA:5,0,1,0
BRDA:5,0,2,0
BRDA:5,0,3,0
BRDA:5,0,4,0
BRDA:5,0,5,0
BRDA:16,1,0,3
BRDA:17,2,0,0
BRDA:17,2,1,3
BRF:9
BRH:2
end_of_record
